2022-08-18 18:20:56,916 INFO [background-preinit] org.hibernate.validator.internal.util.Version: HV000001: Hibernate Validator 6.2.3.Final
2022-08-18 18:20:56,915 INFO [main] org.springframework.boot.StartupInfoLogger: Starting QuantumMoneyApplication using Java 11.0.14.1 on AvasMacBook with PID 3978 (/Users/avas/IdeaProjects/QuantumMoney/build/classes/java/main started by avas in /Users/avas/IdeaProjects/QuantumMoney)
2022-08-18 18:20:56,924 DEBUG [main] org.springframework.boot.StartupInfoLogger: Running with Spring Boot v2.7.2, Spring v5.3.22
2022-08-18 18:20:56,926 INFO [main] org.springframework.boot.SpringApplication: No active profile set, falling back to 1 default profile: "default"
2022-08-18 18:20:58,451 INFO [main] org.springframework.boot.web.embedded.tomcat.TomcatWebServer: Tomcat initialized with port(s): 5500 (http)
2022-08-18 18:20:58,458 INFO [main] org.apache.juli.logging.DirectJDKLog: Initializing ProtocolHandler ["http-nio-5500"]
2022-08-18 18:20:58,459 INFO [main] org.apache.juli.logging.DirectJDKLog: Starting service [Tomcat]
2022-08-18 18:20:58,460 INFO [main] org.apache.juli.logging.DirectJDKLog: Starting Servlet engine: [Apache Tomcat/9.0.65]
2022-08-18 18:20:58,551 INFO [main] org.apache.juli.logging.DirectJDKLog: Initializing Spring embedded WebApplicationContext
2022-08-18 18:20:58,552 INFO [main] org.springframework.boot.web.servlet.context.ServletWebServerApplicationContext: Root WebApplicationContext: initialization completed in 1578 ms
2022-08-18 18:20:59,120 INFO [main] org.springframework.boot.actuate.endpoint.web.EndpointLinksResolver: Exposing 1 endpoint(s) beneath base path '/actuator'
2022-08-18 18:20:59,153 INFO [main] org.apache.juli.logging.DirectJDKLog: Starting ProtocolHandler ["http-nio-5500"]
2022-08-18 18:20:59,166 INFO [main] org.springframework.boot.web.embedded.tomcat.TomcatWebServer: Tomcat started on port(s): 5500 (http) with context path ''
2022-08-18 18:20:59,192 INFO [main] org.springframework.boot.StartupInfoLogger: Started QuantumMoneyApplication in 2.711 seconds (JVM running for 3.854)
2022-08-18 18:20:59,444 INFO [RMI TCP Connection(2)-192.168.1.77] org.apache.juli.logging.DirectJDKLog: Initializing Spring DispatcherServlet 'dispatcherServlet'
2022-08-18 18:20:59,445 INFO [RMI TCP Connection(2)-192.168.1.77] org.springframework.web.servlet.FrameworkServlet: Initializing Servlet 'dispatcherServlet'
2022-08-18 18:20:59,445 INFO [RMI TCP Connection(2)-192.168.1.77] org.springframework.web.servlet.FrameworkServlet: Completed initialization in 0 ms
2022-08-18 18:22:24,293 INFO [http-nio-5500-exec-2] ru.netology.quantummoney.controller.MoneyTransferController: Create new money transfer MoneyTransfer{id=0, cardFromNumber='1115666600001012', cardFromValidTill='08/22', cardFromCVV='123', cardToNumber='5555666600001111', amount=Amount{value=9, currency='RUB'}, confirmOperation=null}
2022-08-18 18:22:26,712 INFO [http-nio-5500-exec-3] ru.netology.quantummoney.repository.MoneyTransferRepository: Перевод подтвержден MoneyTransfer{id=1, cardFromNumber='1115666600001012', cardFromValidTill='08/22', cardFromCVV='123', cardToNumber='5555666600001111', amount=Amount{value=9, currency='RUB'}, confirmOperation=ConfirmOperation{operationId='1', code='0000', transferFee=0.09}}
2022-08-18 18:54:33,650 INFO [background-preinit] org.hibernate.validator.internal.util.Version: HV000001: Hibernate Validator 6.2.3.Final
2022-08-18 18:54:33,650 INFO [main] org.springframework.boot.StartupInfoLogger: Starting QuantumMoneyApplication using Java 11.0.14.1 on AvasMacBook with PID 4299 (/Users/avas/IdeaProjects/QuantumMoney/build/classes/java/main started by avas in /Users/avas/IdeaProjects/QuantumMoney)
2022-08-18 18:54:33,669 DEBUG [main] org.springframework.boot.StartupInfoLogger: Running with Spring Boot v2.7.2, Spring v5.3.22
2022-08-18 18:54:33,672 INFO [main] org.springframework.boot.SpringApplication: No active profile set, falling back to 1 default profile: "default"
2022-08-18 18:54:34,936 INFO [main] org.springframework.boot.web.embedded.tomcat.TomcatWebServer: Tomcat initialized with port(s): 5500 (http)
2022-08-18 18:54:34,945 INFO [main] org.apache.juli.logging.DirectJDKLog: Initializing ProtocolHandler ["http-nio-5500"]
2022-08-18 18:54:34,946 INFO [main] org.apache.juli.logging.DirectJDKLog: Starting service [Tomcat]
2022-08-18 18:54:34,947 INFO [main] org.apache.juli.logging.DirectJDKLog: Starting Servlet engine: [Apache Tomcat/9.0.65]
2022-08-18 18:54:35,046 INFO [main] org.apache.juli.logging.DirectJDKLog: Initializing Spring embedded WebApplicationContext
2022-08-18 18:54:35,048 INFO [main] org.springframework.boot.web.servlet.context.ServletWebServerApplicationContext: Root WebApplicationContext: initialization completed in 1319 ms
2022-08-18 18:54:35,579 INFO [main] org.springframework.boot.actuate.endpoint.web.EndpointLinksResolver: Exposing 1 endpoint(s) beneath base path '/actuator'
2022-08-18 18:54:35,626 INFO [main] org.apache.juli.logging.DirectJDKLog: Starting ProtocolHandler ["http-nio-5500"]
2022-08-18 18:54:35,641 INFO [main] org.springframework.boot.web.embedded.tomcat.TomcatWebServer: Tomcat started on port(s): 5500 (http) with context path ''
2022-08-18 18:54:35,664 INFO [main] org.springframework.boot.StartupInfoLogger: Started QuantumMoneyApplication in 2.486 seconds (JVM running for 3.54)
2022-08-18 18:54:36,281 INFO [RMI TCP Connection(2)-192.168.1.77] org.apache.juli.logging.DirectJDKLog: Initializing Spring DispatcherServlet 'dispatcherServlet'
2022-08-18 18:54:36,283 INFO [RMI TCP Connection(2)-192.168.1.77] org.springframework.web.servlet.FrameworkServlet: Initializing Servlet 'dispatcherServlet'
2022-08-18 18:54:36,285 INFO [RMI TCP Connection(2)-192.168.1.77] org.springframework.web.servlet.FrameworkServlet: Completed initialization in 1 ms
2022-08-18 18:54:44,815 INFO [http-nio-5500-exec-2] ru.netology.quantummoney.advice.ExceptionHandlerAdvice: message: Invalid value: Must be value > 0, id: = 0
2022-08-18 18:55:31,097 INFO [http-nio-5500-exec-4] ru.netology.quantummoney.advice.ExceptionHandlerAdvice: message: Invalid cardFromNumber: Must be 16 characters | Invalid value: Must be value > 0, id: = 0
2022-08-18 18:55:37,866 INFO [http-nio-5500-exec-6] ru.netology.quantummoney.advice.ExceptionHandlerAdvice: message: Invalid cardFromNumber: Must be 16 characters, id: = 0
2022-08-18 18:55:42,424 INFO [http-nio-5500-exec-8] ru.netology.quantummoney.advice.ExceptionHandlerAdvice: message: Invalid cardFromNumber: Must be 16 characters, id: = 0
2022-08-18 18:55:49,114 INFO [http-nio-5500-exec-10] ru.netology.quantummoney.advice.ExceptionHandlerAdvice: message: Invalid cardFromNumber: Must be 16 characters, id: = 0
2022-08-18 18:55:57,197 INFO [http-nio-5500-exec-2] ru.netology.quantummoney.advice.ExceptionHandlerAdvice: message: Invalid cardFromNumber: Must be 16 characters, id: = 0
2022-08-18 18:56:00,989 INFO [http-nio-5500-exec-4] ru.netology.quantummoney.controller.MoneyTransferController: Creating new money transfer MoneyTransfer{id=0, cardFromNumber='1115666600101892', cardFromValidTill='05/21', cardFromCVV='123', cardToNumber='5555666600001111', amount=Amount{value=67899, currency='RUB'}, confirmOperation=null}
2022-08-18 18:56:01,046 INFO [http-nio-5500-exec-4] ru.netology.quantummoney.advice.ExceptionHandlerAdvice: message: Invalid input data: card expired 05/21, id: = 0
2022-08-18 18:56:13,947 INFO [http-nio-5500-exec-6] ru.netology.quantummoney.controller.MoneyTransferController: Creating new money transfer MoneyTransfer{id=0, cardFromNumber='1115666600101892', cardFromValidTill='05/22', cardFromCVV='123', cardToNumber='5555666600001111', amount=Amount{value=67899, currency='RUB'}, confirmOperation=null}
2022-08-18 18:56:13,949 INFO [http-nio-5500-exec-6] ru.netology.quantummoney.advice.ExceptionHandlerAdvice: message: Invalid input data: card expired 05/22, id: = 0
2022-08-18 18:56:18,194 INFO [http-nio-5500-exec-7] ru.netology.quantummoney.controller.MoneyTransferController: Creating new money transfer MoneyTransfer{id=0, cardFromNumber='1115666600101892', cardFromValidTill='05/23', cardFromCVV='123', cardToNumber='5555666600001111', amount=Amount{value=67899, currency='RUB'}, confirmOperation=null}
2022-08-18 18:56:18,202 INFO [http-nio-5500-exec-7] ru.netology.quantummoney.service.MoneyTransferService: The input data Money Transfer is correct!
2022-08-18 18:56:18,203 INFO [http-nio-5500-exec-7] ru.netology.quantummoney.repository.MoneyTransferRepository: Money Transfer added to Map<Long, MoneyTransfer> operationId = 1
2022-08-18 18:56:23,909 INFO [http-nio-5500-exec-9] ru.netology.quantummoney.advice.ExceptionHandlerAdvice: message: Invalid cardFromCVV: Must be min 3 characters, id: = 0
2022-08-18 18:56:28,883 INFO [http-nio-5500-exec-1] ru.netology.quantummoney.controller.MoneyTransferController: Creating new money transfer MoneyTransfer{id=0, cardFromNumber='1115666600101892', cardFromValidTill='05/23', cardFromCVV='123', cardToNumber='5555666600001111', amount=Amount{value=67899, currency='RUB'}, confirmOperation=null}
2022-08-18 18:56:28,895 INFO [http-nio-5500-exec-1] ru.netology.quantummoney.service.MoneyTransferService: The input data Money Transfer is correct!
2022-08-18 18:56:28,896 INFO [http-nio-5500-exec-1] ru.netology.quantummoney.repository.MoneyTransferRepository: Money Transfer added to Map<Long, MoneyTransfer> operationId = 2
2022-08-18 18:56:31,777 INFO [http-nio-5500-exec-2] ru.netology.quantummoney.advice.ExceptionHandlerAdvice: message: Invalid cardToNumber: Must be 16 characters, id: = 0
2022-08-18 18:56:35,172 INFO [http-nio-5500-exec-3] ru.netology.quantummoney.controller.MoneyTransferController: Creating new money transfer MoneyTransfer{id=0, cardFromNumber='1115666600101892', cardFromValidTill='05/23', cardFromCVV='123', cardToNumber='5555636200001111', amount=Amount{value=67899, currency='RUB'}, confirmOperation=null}
2022-08-18 18:56:35,173 INFO [http-nio-5500-exec-3] ru.netology.quantummoney.service.MoneyTransferService: The input data Money Transfer is correct!
2022-08-18 18:56:35,174 INFO [http-nio-5500-exec-3] ru.netology.quantummoney.repository.MoneyTransferRepository: Money Transfer added to Map<Long, MoneyTransfer> operationId = 3
2022-08-18 18:56:41,906 INFO [http-nio-5500-exec-5] ru.netology.quantummoney.advice.ExceptionHandlerAdvice: message: Invalid currency: Must be 3 characters (RUB/USD/EUR), id: = 0
2022-08-18 18:56:46,878 INFO [http-nio-5500-exec-8] ru.netology.quantummoney.controller.MoneyTransferController: Creating new money transfer MoneyTransfer{id=0, cardFromNumber='1115666600101892', cardFromValidTill='05/23', cardFromCVV='123', cardToNumber='5555636200001111', amount=Amount{value=67899, currency='RUB'}, confirmOperation=null}
2022-08-18 18:56:46,880 INFO [http-nio-5500-exec-8] ru.netology.quantummoney.service.MoneyTransferService: The input data Money Transfer is correct!
2022-08-18 18:56:46,881 INFO [http-nio-5500-exec-8] ru.netology.quantummoney.repository.MoneyTransferRepository: Money Transfer added to Map<Long, MoneyTransfer> operationId = 4
2022-08-18 18:56:53,157 INFO [http-nio-5500-exec-7] ru.netology.quantummoney.controller.MoneyTransferController: Confirming operation money transfer ConfirmOperation{operationId='1', code='0000', transferFee=0.0}
2022-08-18 18:56:53,170 INFO [http-nio-5500-exec-7] ru.netology.quantummoney.repository.MoneyTransferRepository: Money Transfer confirmed MoneyTransfer{id=1, cardFromNumber='1115666600101892', cardFromValidTill='05/23', cardFromCVV='123', cardToNumber='5555666600001111', amount=Amount{value=67899, currency='RUB'}, confirmOperation=ConfirmOperation{operationId='1', code='0000', transferFee=678.99}}
2022-08-18 18:56:55,303 INFO [http-nio-5500-exec-9] ru.netology.quantummoney.controller.MoneyTransferController: Confirming operation money transfer ConfirmOperation{operationId='1', code='0000', transferFee=0.0}
2022-08-18 18:56:55,306 INFO [http-nio-5500-exec-9] ru.netology.quantummoney.advice.ExceptionHandlerAdvice: message: The transfer has already been confirmed, id: = 1
2022-08-18 18:57:06,005 INFO [http-nio-5500-exec-1] ru.netology.quantummoney.advice.ExceptionHandlerAdvice: message: Invalid code: Must be min 4 characters, id: = 0
2022-08-18 18:57:16,924 INFO [http-nio-5500-exec-4] ru.netology.quantummoney.advice.ExceptionHandlerAdvice: message: Invalid code: Must be min 4 characters, id: = 0
2022-08-18 18:57:21,078 INFO [http-nio-5500-exec-5] ru.netology.quantummoney.controller.MoneyTransferController: Confirming operation money transfer ConfirmOperation{operationId='10', code='2304', transferFee=0.0}
2022-08-18 18:57:21,080 INFO [http-nio-5500-exec-5] ru.netology.quantummoney.advice.ExceptionHandlerAdvice: message: Not found operationId, id: = 10
2022-08-18 18:57:23,074 INFO [http-nio-5500-exec-8] ru.netology.quantummoney.controller.MoneyTransferController: Confirming operation money transfer ConfirmOperation{operationId='10', code='2304', transferFee=0.0}
2022-08-18 18:57:23,079 INFO [http-nio-5500-exec-8] ru.netology.quantummoney.advice.ExceptionHandlerAdvice: message: Not found operationId, id: = 10
2022-08-18 18:59:42,420 INFO [http-nio-5500-exec-9] ru.netology.quantummoney.controller.MoneyTransferController: Confirming operation money transfer ConfirmOperation{operationId='10', code='2304', transferFee=0.0}
2022-08-18 18:59:42,431 INFO [http-nio-5500-exec-9] ru.netology.quantummoney.advice.ExceptionHandlerAdvice: message: Not found operationId, id: = 10
2022-08-18 18:59:43,198 INFO [http-nio-5500-exec-1] ru.netology.quantummoney.controller.MoneyTransferController: Confirming operation money transfer ConfirmOperation{operationId='10', code='2304', transferFee=0.0}
2022-08-18 18:59:43,201 INFO [http-nio-5500-exec-1] ru.netology.quantummoney.advice.ExceptionHandlerAdvice: message: Not found operationId, id: = 10
2022-08-18 19:00:48,163 INFO [http-nio-5500-exec-4] ru.netology.quantummoney.controller.MoneyTransferController: Creating new money transfer MoneyTransfer{id=0, cardFromNumber='2134242523521451', cardFromValidTill='01/23', cardFromCVV='123', cardToNumber='2151246346346346', amount=Amount{value=235500, currency='RUR'}, confirmOperation=null}
2022-08-18 19:00:48,165 INFO [http-nio-5500-exec-4] ru.netology.quantummoney.service.MoneyTransferService: The input data Money Transfer is correct!
2022-08-18 19:00:48,166 INFO [http-nio-5500-exec-4] ru.netology.quantummoney.repository.MoneyTransferRepository: Money Transfer added to Map<Long, MoneyTransfer> operationId = 5
2022-08-18 19:00:48,181 INFO [http-nio-5500-exec-5] ru.netology.quantummoney.controller.MoneyTransferController: Confirming operation money transfer ConfirmOperation{operationId='5', code='0000', transferFee=0.0}
2022-08-18 19:00:48,182 INFO [http-nio-5500-exec-5] ru.netology.quantummoney.repository.MoneyTransferRepository: Money Transfer confirmed MoneyTransfer{id=5, cardFromNumber='2134242523521451', cardFromValidTill='01/23', cardFromCVV='123', cardToNumber='2151246346346346', amount=Amount{value=235500, currency='RUR'}, confirmOperation=ConfirmOperation{operationId='5', code='0000', transferFee=2355.0}}
2022-08-18 19:15:34,996 INFO [main] org.springframework.boot.StartupInfoLogger: Starting QuantumMoneyApplication using Java 11.0.14.1 on AvasMacBook with PID 4734 (/Users/avas/IdeaProjects/QuantumMoney/build/classes/java/main started by avas in /Users/avas/IdeaProjects/QuantumMoney)
2022-08-18 19:15:34,996 INFO [background-preinit] org.hibernate.validator.internal.util.Version: HV000001: Hibernate Validator 6.2.3.Final
2022-08-18 19:15:35,001 DEBUG [main] org.springframework.boot.StartupInfoLogger: Running with Spring Boot v2.7.2, Spring v5.3.22
2022-08-18 19:15:35,002 INFO [main] org.springframework.boot.SpringApplication: No active profile set, falling back to 1 default profile: "default"
2022-08-18 19:15:36,327 INFO [main] org.springframework.boot.web.embedded.tomcat.TomcatWebServer: Tomcat initialized with port(s): 5500 (http)
2022-08-18 19:15:36,334 INFO [main] org.apache.juli.logging.DirectJDKLog: Initializing ProtocolHandler ["http-nio-5500"]
2022-08-18 19:15:36,335 INFO [main] org.apache.juli.logging.DirectJDKLog: Starting service [Tomcat]
2022-08-18 19:15:36,335 INFO [main] org.apache.juli.logging.DirectJDKLog: Starting Servlet engine: [Apache Tomcat/9.0.65]
2022-08-18 19:15:36,427 INFO [main] org.apache.juli.logging.DirectJDKLog: Initializing Spring embedded WebApplicationContext
2022-08-18 19:15:36,428 INFO [main] org.springframework.boot.web.servlet.context.ServletWebServerApplicationContext: Root WebApplicationContext: initialization completed in 1375 ms
2022-08-18 19:15:36,972 INFO [main] org.springframework.boot.actuate.endpoint.web.EndpointLinksResolver: Exposing 1 endpoint(s) beneath base path '/actuator'
2022-08-18 19:15:37,008 INFO [main] org.apache.juli.logging.DirectJDKLog: Starting ProtocolHandler ["http-nio-5500"]
2022-08-18 19:15:37,021 INFO [main] org.springframework.boot.web.embedded.tomcat.TomcatWebServer: Tomcat started on port(s): 5500 (http) with context path ''
2022-08-18 19:15:37,045 INFO [main] org.springframework.boot.StartupInfoLogger: Started QuantumMoneyApplication in 2.494 seconds (JVM running for 3.529)
2022-08-18 19:15:37,524 INFO [RMI TCP Connection(3)-192.168.1.77] org.apache.juli.logging.DirectJDKLog: Initializing Spring DispatcherServlet 'dispatcherServlet'
2022-08-18 19:15:37,525 INFO [RMI TCP Connection(3)-192.168.1.77] org.springframework.web.servlet.FrameworkServlet: Initializing Servlet 'dispatcherServlet'
2022-08-18 19:15:37,528 INFO [RMI TCP Connection(3)-192.168.1.77] org.springframework.web.servlet.FrameworkServlet: Completed initialization in 3 ms
2022-08-18 19:16:46,502 INFO [http-nio-5500-exec-2] ru.netology.quantummoney.controller.MoneyTransferController: Confirming operation money transfer ConfirmOperation{operationId='10', code='2304', transferFee=0.0}
2022-08-18 19:16:46,517 INFO [http-nio-5500-exec-2] ru.netology.quantummoney.advice.ExceptionHandlerAdvice: message: Not found operationId, id: = 10
2022-08-18 19:16:48,975 INFO [http-nio-5500-exec-4] ru.netology.quantummoney.controller.MoneyTransferController: Creating new money transfer MoneyTransfer{id=0, cardFromNumber='1115666600101892', cardFromValidTill='05/23', cardFromCVV='123', cardToNumber='5555636200001111', amount=Amount{value=67899, currency='RUB'}, confirmOperation=null}
2022-08-18 19:16:49,010 INFO [http-nio-5500-exec-4] ru.netology.quantummoney.service.MoneyTransferService: The input data Money Transfer is correct!
2022-08-18 19:16:49,010 INFO [http-nio-5500-exec-4] ru.netology.quantummoney.repository.MoneyTransferRepository: Money Transfer added to Map<Long, MoneyTransfer> operationId = 1
2022-08-18 19:16:49,808 INFO [http-nio-5500-exec-5] ru.netology.quantummoney.controller.MoneyTransferController: Creating new money transfer MoneyTransfer{id=0, cardFromNumber='1115666600101892', cardFromValidTill='05/23', cardFromCVV='123', cardToNumber='5555636200001111', amount=Amount{value=67899, currency='RUB'}, confirmOperation=null}
2022-08-18 19:16:49,809 INFO [http-nio-5500-exec-5] ru.netology.quantummoney.service.MoneyTransferService: The input data Money Transfer is correct!
2022-08-18 19:16:49,810 INFO [http-nio-5500-exec-5] ru.netology.quantummoney.repository.MoneyTransferRepository: Money Transfer added to Map<Long, MoneyTransfer> operationId = 2
2022-08-18 19:16:50,335 INFO [http-nio-5500-exec-6] ru.netology.quantummoney.controller.MoneyTransferController: Creating new money transfer MoneyTransfer{id=0, cardFromNumber='1115666600101892', cardFromValidTill='05/23', cardFromCVV='123', cardToNumber='5555636200001111', amount=Amount{value=67899, currency='RUB'}, confirmOperation=null}
2022-08-18 19:16:50,336 INFO [http-nio-5500-exec-6] ru.netology.quantummoney.service.MoneyTransferService: The input data Money Transfer is correct!
2022-08-18 19:16:50,336 INFO [http-nio-5500-exec-6] ru.netology.quantummoney.repository.MoneyTransferRepository: Money Transfer added to Map<Long, MoneyTransfer> operationId = 3
2022-08-18 19:16:53,198 INFO [http-nio-5500-exec-7] ru.netology.quantummoney.controller.MoneyTransferController: Confirming operation money transfer ConfirmOperation{operationId='10', code='2304', transferFee=0.0}
2022-08-18 19:16:53,202 INFO [http-nio-5500-exec-7] ru.netology.quantummoney.advice.ExceptionHandlerAdvice: message: Not found operationId, id: = 10
2022-08-18 19:16:57,461 INFO [http-nio-5500-exec-9] ru.netology.quantummoney.controller.MoneyTransferController: Confirming operation money transfer ConfirmOperation{operationId='1', code='2304', transferFee=0.0}
2022-08-18 19:16:57,463 INFO [http-nio-5500-exec-9] ru.netology.quantummoney.repository.MoneyTransferRepository: Money Transfer confirmed MoneyTransfer{id=1, cardFromNumber='1115666600101892', cardFromValidTill='05/23', cardFromCVV='123', cardToNumber='5555636200001111', amount=Amount{value=67899, currency='RUB'}, confirmOperation=ConfirmOperation{operationId='1', code='2304', transferFee=678.99}}
2022-08-18 19:30:27,727 INFO [Test worker] org.springframework.test.context.support.AbstractTestContextBootstrapper: Neither @ContextConfiguration nor @ContextHierarchy found for test class [ru.netology.quantummoney.QuantumMoneyApplicationTests], using SpringBootContextLoader
2022-08-18 19:30:27,730 INFO [Test worker] org.springframework.test.context.support.AbstractContextLoader: Could not detect default resource locations for test class [ru.netology.quantummoney.QuantumMoneyApplicationTests]: no resource found for suffixes {-context.xml, Context.groovy}.
2022-08-18 19:30:27,730 INFO [Test worker] org.springframework.test.context.support.AnnotationConfigContextLoaderUtils: Could not detect default configuration classes for test class [ru.netology.quantummoney.QuantumMoneyApplicationTests]: QuantumMoneyApplicationTests does not declare any static, non-private, non-final, nested classes annotated with @Configuration.
2022-08-18 19:30:27,765 INFO [Test worker] org.springframework.boot.test.context.SpringBootTestContextBootstrapper: Found @SpringBootConfiguration ru.netology.quantummoney.QuantumMoneyApplication for test class ru.netology.quantummoney.QuantumMoneyApplicationTests
2022-08-18 19:30:27,796 INFO [Test worker] org.springframework.test.context.support.AbstractTestContextBootstrapper: Loaded default TestExecutionListener class names from location [META-INF/spring.factories]: [org.springframework.boot.test.autoconfigure.restdocs.RestDocsTestExecutionListener, org.springframework.boot.test.autoconfigure.web.client.MockRestServiceServerResetTestExecutionListener, org.springframework.boot.test.autoconfigure.web.servlet.MockMvcPrintOnlyOnFailureTestExecutionListener, org.springframework.boot.test.autoconfigure.web.servlet.WebDriverTestExecutionListener, org.springframework.boot.test.autoconfigure.webservices.client.MockWebServiceServerTestExecutionListener, org.springframework.boot.test.mock.mockito.MockitoTestExecutionListener, org.springframework.boot.test.mock.mockito.ResetMocksTestExecutionListener, org.springframework.test.context.web.ServletTestExecutionListener, org.springframework.test.context.support.DirtiesContextBeforeModesTestExecutionListener, org.springframework.test.context.event.ApplicationEventsTestExecutionListener, org.springframework.test.context.support.DependencyInjectionTestExecutionListener, org.springframework.test.context.support.DirtiesContextTestExecutionListener, org.springframework.test.context.transaction.TransactionalTestExecutionListener, org.springframework.test.context.jdbc.SqlScriptsTestExecutionListener, org.springframework.test.context.event.EventPublishingTestExecutionListener]
2022-08-18 19:30:27,803 INFO [Test worker] org.springframework.test.context.support.AbstractTestContextBootstrapper: Using TestExecutionListeners: [org.springframework.test.context.web.ServletTestExecutionListener@2f4854d6, org.springframework.test.context.support.DirtiesContextBeforeModesTestExecutionListener@61d9efe0, org.springframework.test.context.event.ApplicationEventsTestExecutionListener@7e70bd39, org.springframework.boot.test.mock.mockito.MockitoTestExecutionListener@e6516e, org.springframework.boot.test.autoconfigure.SpringBootDependencyInjectionTestExecutionListener@6de54b40, org.springframework.test.context.support.DirtiesContextTestExecutionListener@43ed0ff3, org.springframework.test.context.event.EventPublishingTestExecutionListener@388ffbc2, org.springframework.boot.test.autoconfigure.restdocs.RestDocsTestExecutionListener@a50b09c, org.springframework.boot.test.autoconfigure.web.client.MockRestServiceServerResetTestExecutionListener@4da855dd, org.springframework.boot.test.autoconfigure.web.servlet.MockMvcPrintOnlyOnFailureTestExecutionListener@6691490c, org.springframework.boot.test.autoconfigure.web.servlet.WebDriverTestExecutionListener@2187fff7, org.springframework.boot.test.autoconfigure.webservices.client.MockWebServiceServerTestExecutionListener@2e5c7f0b, org.springframework.boot.test.mock.mockito.ResetMocksTestExecutionListener@21d5c1a0]
2022-08-18 19:30:27,929 INFO [Test worker] org.springframework.boot.StartupInfoLogger: Starting QuantumMoneyApplicationTests using Java 17 on AvasMacBook with PID 6037 (started by avas in /Users/avas/IdeaProjects/QuantumMoney)
2022-08-18 19:30:27,930 DEBUG [Test worker] org.springframework.boot.StartupInfoLogger: Running with Spring Boot v2.7.2, Spring v5.3.22
2022-08-18 19:30:27,930 INFO [Test worker] org.springframework.boot.SpringApplication: No active profile set, falling back to 1 default profile: "default"
2022-08-18 19:30:27,934 INFO [background-preinit] org.hibernate.validator.internal.util.Version: HV000001: Hibernate Validator 6.2.3.Final
2022-08-18 19:30:28,627 INFO [Test worker] org.springframework.boot.actuate.endpoint.web.EndpointLinksResolver: Exposing 1 endpoint(s) beneath base path '/actuator'
2022-08-18 19:30:28,645 INFO [Test worker] org.springframework.boot.StartupInfoLogger: Started QuantumMoneyApplicationTests in 0.828 seconds (JVM running for 1.28)
2022-08-18 19:42:18,519 INFO [background-preinit] org.hibernate.validator.internal.util.Version: HV000001: Hibernate Validator 6.2.3.Final
2022-08-18 19:42:18,520 INFO [main] org.springframework.boot.StartupInfoLogger: Starting QuantumMoneyApplication using Java 11.0.14.1 on AvasMacBook with PID 6755 (/Users/avas/IdeaProjects/QuantumMoney/build/classes/java/main started by avas in /Users/avas/IdeaProjects/QuantumMoney)
2022-08-18 19:42:18,527 DEBUG [main] org.springframework.boot.StartupInfoLogger: Running with Spring Boot v2.7.2, Spring v5.3.22
2022-08-18 19:42:18,528 INFO [main] org.springframework.boot.SpringApplication: No active profile set, falling back to 1 default profile: "default"
2022-08-18 19:42:20,081 INFO [main] org.springframework.boot.web.embedded.tomcat.TomcatWebServer: Tomcat initialized with port(s): 5500 (http)
2022-08-18 19:42:20,090 INFO [main] org.apache.juli.logging.DirectJDKLog: Initializing ProtocolHandler ["http-nio-5500"]
2022-08-18 19:42:20,091 INFO [main] org.apache.juli.logging.DirectJDKLog: Starting service [Tomcat]
2022-08-18 19:42:20,091 INFO [main] org.apache.juli.logging.DirectJDKLog: Starting Servlet engine: [Apache Tomcat/9.0.65]
2022-08-18 19:42:20,177 INFO [main] org.apache.juli.logging.DirectJDKLog: Initializing Spring embedded WebApplicationContext
2022-08-18 19:42:20,190 INFO [main] org.springframework.boot.web.servlet.context.ServletWebServerApplicationContext: Root WebApplicationContext: initialization completed in 1579 ms
2022-08-18 19:42:20,733 INFO [main] org.springframework.boot.actuate.endpoint.web.EndpointLinksResolver: Exposing 1 endpoint(s) beneath base path '/actuator'
2022-08-18 19:42:20,769 INFO [main] org.apache.juli.logging.DirectJDKLog: Starting ProtocolHandler ["http-nio-5500"]
2022-08-18 19:42:20,782 INFO [main] org.springframework.boot.web.embedded.tomcat.TomcatWebServer: Tomcat started on port(s): 5500 (http) with context path ''
2022-08-18 19:42:20,811 INFO [main] org.springframework.boot.StartupInfoLogger: Started QuantumMoneyApplication in 2.869 seconds (JVM running for 4.218)
2022-08-18 19:42:21,222 INFO [RMI TCP Connection(3)-192.168.1.77] org.apache.juli.logging.DirectJDKLog: Initializing Spring DispatcherServlet 'dispatcherServlet'
2022-08-18 19:42:21,223 INFO [RMI TCP Connection(3)-192.168.1.77] org.springframework.web.servlet.FrameworkServlet: Initializing Servlet 'dispatcherServlet'
2022-08-18 19:42:21,224 INFO [RMI TCP Connection(3)-192.168.1.77] org.springframework.web.servlet.FrameworkServlet: Completed initialization in 1 ms
2022-08-18 19:42:48,926 INFO [http-nio-5500-exec-2] ru.netology.quantummoney.controller.MoneyTransferController: Creating new money transfer MoneyTransfer{id=0, cardFromNumber='1115666600101892', cardFromValidTill='05/23', cardFromCVV='530', cardToNumber='5555636200001111', amount=Amount{value=67899, currency='RUB'}, confirmOperation=null}
2022-08-18 19:42:48,952 INFO [http-nio-5500-exec-2] ru.netology.quantummoney.service.MoneyTransferService: The input data Money Transfer is correct!
2022-08-18 19:42:48,953 INFO [http-nio-5500-exec-2] ru.netology.quantummoney.repository.MoneyTransferRepository: Money Transfer added to Map<Long, MoneyTransfer> operationId = 1
2022-08-18 19:44:38,547 INFO [http-nio-5500-exec-4] ru.netology.quantummoney.controller.MoneyTransferController: Confirming operation money transfer ConfirmOperation{operationId='1', code='2304', transferFee=0.0}
2022-08-18 19:44:38,561 INFO [http-nio-5500-exec-4] ru.netology.quantummoney.repository.MoneyTransferRepository: Money Transfer confirmed MoneyTransfer{id=1, cardFromNumber='1115666600101892', cardFromValidTill='05/23', cardFromCVV='530', cardToNumber='5555636200001111', amount=Amount{value=67899, currency='RUB'}, confirmOperation=ConfirmOperation{operationId='1', code='2304', transferFee=678.99}}
2022-08-18 19:54:32,666 INFO [Test worker] org.springframework.test.context.support.AbstractTestContextBootstrapper: Neither @ContextConfiguration nor @ContextHierarchy found for test class [ru.netology.quantummoney.QuantumMoneyApplicationTests], using SpringBootContextLoader
2022-08-18 19:54:32,669 INFO [Test worker] org.springframework.test.context.support.AbstractContextLoader: Could not detect default resource locations for test class [ru.netology.quantummoney.QuantumMoneyApplicationTests]: no resource found for suffixes {-context.xml, Context.groovy}.
2022-08-18 19:54:32,669 INFO [Test worker] org.springframework.test.context.support.AnnotationConfigContextLoaderUtils: Could not detect default configuration classes for test class [ru.netology.quantummoney.QuantumMoneyApplicationTests]: QuantumMoneyApplicationTests does not declare any static, non-private, non-final, nested classes annotated with @Configuration.
2022-08-18 19:54:32,703 INFO [Test worker] org.springframework.boot.test.context.SpringBootTestContextBootstrapper: Found @SpringBootConfiguration ru.netology.quantummoney.QuantumMoneyApplication for test class ru.netology.quantummoney.QuantumMoneyApplicationTests
2022-08-18 19:54:32,738 INFO [Test worker] org.springframework.test.context.support.AbstractTestContextBootstrapper: Loaded default TestExecutionListener class names from location [META-INF/spring.factories]: [org.springframework.boot.test.autoconfigure.restdocs.RestDocsTestExecutionListener, org.springframework.boot.test.autoconfigure.web.client.MockRestServiceServerResetTestExecutionListener, org.springframework.boot.test.autoconfigure.web.servlet.MockMvcPrintOnlyOnFailureTestExecutionListener, org.springframework.boot.test.autoconfigure.web.servlet.WebDriverTestExecutionListener, org.springframework.boot.test.autoconfigure.webservices.client.MockWebServiceServerTestExecutionListener, org.springframework.boot.test.mock.mockito.MockitoTestExecutionListener, org.springframework.boot.test.mock.mockito.ResetMocksTestExecutionListener, org.springframework.test.context.web.ServletTestExecutionListener, org.springframework.test.context.support.DirtiesContextBeforeModesTestExecutionListener, org.springframework.test.context.event.ApplicationEventsTestExecutionListener, org.springframework.test.context.support.DependencyInjectionTestExecutionListener, org.springframework.test.context.support.DirtiesContextTestExecutionListener, org.springframework.test.context.transaction.TransactionalTestExecutionListener, org.springframework.test.context.jdbc.SqlScriptsTestExecutionListener, org.springframework.test.context.event.EventPublishingTestExecutionListener]
2022-08-18 19:54:32,743 INFO [Test worker] org.springframework.test.context.support.AbstractTestContextBootstrapper: Using TestExecutionListeners: [org.springframework.test.context.web.ServletTestExecutionListener@2f4854d6, org.springframework.test.context.support.DirtiesContextBeforeModesTestExecutionListener@61d9efe0, org.springframework.test.context.event.ApplicationEventsTestExecutionListener@7e70bd39, org.springframework.boot.test.mock.mockito.MockitoTestExecutionListener@e6516e, org.springframework.boot.test.autoconfigure.SpringBootDependencyInjectionTestExecutionListener@6de54b40, org.springframework.test.context.support.DirtiesContextTestExecutionListener@43ed0ff3, org.springframework.test.context.event.EventPublishingTestExecutionListener@388ffbc2, org.springframework.boot.test.autoconfigure.restdocs.RestDocsTestExecutionListener@a50b09c, org.springframework.boot.test.autoconfigure.web.client.MockRestServiceServerResetTestExecutionListener@4da855dd, org.springframework.boot.test.autoconfigure.web.servlet.MockMvcPrintOnlyOnFailureTestExecutionListener@6691490c, org.springframework.boot.test.autoconfigure.web.servlet.WebDriverTestExecutionListener@2187fff7, org.springframework.boot.test.autoconfigure.webservices.client.MockWebServiceServerTestExecutionListener@2e5c7f0b, org.springframework.boot.test.mock.mockito.ResetMocksTestExecutionListener@21d5c1a0]
2022-08-18 19:54:32,883 INFO [Test worker] org.springframework.boot.StartupInfoLogger: Starting QuantumMoneyApplicationTests using Java 17 on AvasMacBook with PID 7571 (started by avas in /Users/avas/IdeaProjects/QuantumMoney)
2022-08-18 19:54:32,883 DEBUG [Test worker] org.springframework.boot.StartupInfoLogger: Running with Spring Boot v2.7.2, Spring v5.3.22
2022-08-18 19:54:32,884 INFO [Test worker] org.springframework.boot.SpringApplication: No active profile set, falling back to 1 default profile: "default"
2022-08-18 19:54:32,894 INFO [background-preinit] org.hibernate.validator.internal.util.Version: HV000001: Hibernate Validator 6.2.3.Final
2022-08-18 19:54:33,576 INFO [Test worker] org.springframework.boot.actuate.endpoint.web.EndpointLinksResolver: Exposing 1 endpoint(s) beneath base path '/actuator'
2022-08-18 19:54:33,595 INFO [Test worker] org.springframework.boot.StartupInfoLogger: Started QuantumMoneyApplicationTests in 0.835 seconds (JVM running for 1.311)
